<component name="libraryTable">
  <library name="junit">
    <CLASSES>
      <root url="jar://$PROJECT_DIR$/../../external_jar/apache-commons-lang.jar!/" />
      <root url="file://$PROJECT_DIR$/../../external_jar/junit" />
    </CLASSES>
    <JAVADOC />
    <SOURCES />
    <jarDirectory url="file://$PROJECT_DIR$/../../external_jar/junit" recursive="false" />
  </library>
</component>